<?xml version="1.0" encoding="UTF-8"?>
<!-- Generated by org.testng.reporters.JUnitXMLReporter -->
<testsuite hostname="Lenovo-PC" ignored="4" name="Default test(failed)" tests="1" failures="1" timestamp="11 Nov 2017 03:49:43 GMT" time="2.613" errors="0">
  <testcase name="getPageInfo" time="0.058" classname="com.TestNG.Ebay_TestNG">
    <failure type="java.lang.AssertionError" message="expected [Ebay] but found []">
      <![CDATA[java.lang.AssertionError: expected [Ebay] but found []
	at com.TestNG.Ebay_TestNG.getPageInfo(Ebay_TestNG.java:86)
... Removed 31 stack frames]]>
    </failure>
  </testcase> <!-- getPageInfo -->
  <testcase name="navigatePage" time="0.0" classname="com.TestNG.Ebay_TestNG">
    <ignored/>
  </testcase> <!-- navigatePage -->
  <testcase name="searchProduct" time="0.0" classname="com.TestNG.Ebay_TestNG">
    <ignored/>
  </testcase> <!-- searchProduct -->
  <testcase name="browserProperty" time="0.0" classname="com.TestNG.Ebay_TestNG">
    <ignored/>
  </testcase> <!-- browserProperty -->
  <testcase name="getList" time="0.0" classname="com.TestNG.Ebay_TestNG">
    <ignored/>
  </testcase> <!-- getList -->
</testsuite> <!-- Default test(failed) -->
